orlis/open_source_benchmarks/apps/com.prhlt.aemus.Read4SpeechExperiments_16_src.tar.gz/app/build/outputs/mapping/release/seeds.txt
com.prhlt.aemus.Read4SpeechExperiments.BuildConfig
com.prhlt.aemus.Read4SpeechExperiments.BuildConfig: BuildConfig()
com.prhlt.aemus.Read4SpeechExperiments.CustomViewPager
com.prhlt.aemus.Read4SpeechExperiments.CustomViewPager: CustomViewPager(android.content.Context,android.util.AttributeSet)
com.prhlt.aemus.Read4SpeechExperiments.CustomViewPager: boolean onTouchEvent(android.view.MotionEvent)
com.prhlt.aemus.Read4SpeechExperiments.CustomViewPager: boolean onInterceptTouchEvent(android.view.MotionEvent)
com.prhlt.aemus.Read4SpeechExperiments.CustomViewPager: void setPagingEnabled(boolean)
com.prhlt.aemus.Read4SpeechExperiments.MainActivity
com.prhlt.aemus.Read4SpeechExperiments.MainActivity: MainActivity()
com.prhlt.aemus.Read4SpeechExperiments.MainActivity: float getPercentDone()
com.prhlt.aemus.Read4SpeechExperiments.MainActivity: long getAvailableSpaceInKB()
com.prhlt.aemus.Read4SpeechExperiments.MainActivity: void startRecording(int)
com.prhlt.aemus.Read4SpeechExperiments.MainActivity: void onCreate(android.os.Bundle)
com.prhlt.aemus.Read4SpeechExperiments.MainActivity: boolean onCreateOptionsMenu(android.view.Menu)
com.prhlt.aemus.Read4SpeechExperiments.MainActivity: boolean onOptionsItemSelected(android.view.MenuItem)
com.prhlt.aemus.Read4SpeechExperiments.MainActivity: void init()
com.prhlt.aemus.Read4SpeechExperiments.MainActivity: void loadLines(java.lang.String,java.lang.String,int,java.io.File)
com.prhlt.aemus.Read4SpeechExperiments.MainActivity: boolean writeToFile(java.util.ArrayList,java.util.ArrayList)
com.prhlt.aemus.Read4SpeechExperiments.MainActivity: void showInstructions(java.lang.Boolean)
com.prhlt.aemus.Read4SpeechExperiments.MainActivity: void cleanRecords()
com.prhlt.aemus.Read4SpeechExperiments.MainActivity: void unzip(java.util.zip.ZipInputStream,java.io.File)
com.prhlt.aemus.Read4SpeechExperiments.MainActivity: void zip(java.util.ArrayList,java.lang.String)
com.prhlt.aemus.Read4SpeechExperiments.MainActivity: void sendData(java.lang.Boolean)
com.prhlt.aemus.Read4SpeechExperiments.MainActivity$1
com.prhlt.aemus.Read4SpeechExperiments.MainActivity$1: MainActivity$1()
com.prhlt.aemus.Read4SpeechExperiments.MainActivity$1: void onReceive(android.content.Context,android.content.Intent)
com.prhlt.aemus.Read4SpeechExperiments.MainActivity$10
com.prhlt.aemus.Read4SpeechExperiments.MainActivity$10: MainActivity$10(com.prhlt.aemus.Read4SpeechExperiments.MainActivity)
com.prhlt.aemus.Read4SpeechExperiments.MainActivity$10: boolean onKey(android.content.DialogInterface,int,android.view.KeyEvent)
com.prhlt.aemus.Read4SpeechExperiments.MainActivity$11
com.prhlt.aemus.Read4SpeechExperiments.MainActivity$11: MainActivity$11(com.prhlt.aemus.Read4SpeechExperiments.MainActivity)
com.prhlt.aemus.Read4SpeechExperiments.MainActivity$11: void onClick(android.content.DialogInterface,int)
com.prhlt.aemus.Read4SpeechExperiments.MainActivity$12
com.prhlt.aemus.Read4SpeechExperiments.MainActivity$12: MainActivity$12(com.prhlt.aemus.Read4SpeechExperiments.MainActivity)
com.prhlt.aemus.Read4SpeechExperiments.MainActivity$12: boolean onKey(android.content.DialogInterface,int,android.view.KeyEvent)
com.prhlt.aemus.Read4SpeechExperiments.MainActivity$13
com.prhlt.aemus.Read4SpeechExperiments.MainActivity$13: MainActivity$13(com.prhlt.aemus.Read4SpeechExperiments.MainActivity)
com.prhlt.aemus.Read4SpeechExperiments.MainActivity$13: void onCheckedChanged(android.widget.CompoundButton,boolean)
com.prhlt.aemus.Read4SpeechExperiments.MainActivity$2
com.prhlt.aemus.Read4SpeechExperiments.MainActivity$2: MainActivity$2(int)
com.prhlt.aemus.Read4SpeechExperiments.MainActivity$2: void run()
com.prhlt.aemus.Read4SpeechExperiments.MainActivity$3
com.prhlt.aemus.Read4SpeechExperiments.MainActivity$3: MainActivity$3(com.prhlt.aemus.Read4SpeechExperiments.MainActivity)
com.prhlt.aemus.Read4SpeechExperiments.MainActivity$3: void onInit(int)
...
android.support.v4.app.NotificationCompatSideChannelService
android.support.v4.app.NotificationCompatSideChannelService: NotificationCompatSideChannelService()
android.support.v4.app.NotificationCompatSideChannelService: android.os.IBinder onBind(android.content.Intent)
android.support.v4.app.NotificationCompatSideChannelService: void notify(java.lang.String,int,java.lang.String,android.app.Notification)
android.support.v4.app.NotificationCompatSideChannelService: void cancel(java.lang.String,int,java.lang.String)
android.support.v4.app.NotificationCompatSideChannelService: void cancelAll(java.lang.String)
android.support.v4.app.NotificationCompatSideChannelService: void checkPermission(int,java.lang.String)
android.support.v4.app.NotificationCompatSideChannelService: void access$100(android.support.v4.app.NotificationCompatSideChannelService,int,java.lang.String)
android.support.v4.app.NotificationCompatSideChannelService$1
android.support.v4.app.NotificationCompatSideChannelService$NotificationSideChannelStub
android.support.v4.app.NotificationCompatSideChannelService$NotificationSideChannelStub: NotificationCompatSideChannelService$NotificationSideChannelStub(android.support.v4.app.NotificationCompatSideChannelService)
android.support.v4.app.NotificationCompatSideChannelService$NotificationSideChannelStub: void notify(java.lang.String,int,java.lang.String,android.app.Notification)
android.support.v4.app.NotificationCompatSideChannelService$NotificationSideChannelStub: void cancel(java.lang.String,int,java.lang.String)
android.support.v4.app.NotificationCompatSideChannelService$NotificationSideChannelStub: void cancelAll(java.lang.String)
android.support.v4.app.NotificationCompatSideChannelService$NotificationSideChannelStub: NotificationCompatSideChannelService$NotificationSideChannelStub(android.support.v4.app.NotificationCompatSideChannelService,android.support.v4.app.NotificationCompatSideChannelService$1)
android.support.v4.app.NotificationManagerCompat
android.support.v4.app.NotificationManagerCompat: android.support.v4.app.NotificationManagerCompat from(android.content.Context)
android.support.v4.app.NotificationManagerCompat: NotificationManagerCompat(android.content.Context)
android.support.v4.app.NotificationManagerCompat: void cancel(int)
android.support.v4.app.NotificationManagerCompat: void cancel(java.lang.String,int)
android.support.v4.app.NotificationManagerCompat: void cancelAll()
android.support.v4.app.NotificationManagerCompat: void notify(int,android.app.Notification)
android.support.v4.app.NotificationManagerCompat: void notify(java.lang.String,int,android.app.Notification)
android.support.v4.app.NotificationManagerCompat: java.util.Set getEnabledListenerPackages(android.content.Context)
android.support.v4.app.NotificationManagerCompat: boolean useSideChannelForNotification(android.app.Notification)
android.support.v4.app.NotificationManagerCompat: void pushSideChannelQueue(android.support.v4.app.NotificationManagerCompat$Task)
android.support.v4.app.NotificationManagerCompat: int access$000()
android.support.v4.app.NotificationManagerCompat: void <clinit>()
android.support.v4.app.NotificationManagerCompat$CancelTask
android.support.v4.app.NotificationManagerCompat$CancelTask: NotificationManagerCompat$CancelTask(java.lang.String)
android.support.v4.app.NotificationManagerCompat$CancelTask: NotificationManagerCompat$CancelTask(java.lang.String,int,java.lang.String)
android.support.v4.app.NotificationManagerCompat$CancelTask: void send(android.support.v4.app.INotificationSideChannel)
android.support.v4.app.NotificationManagerCompat$CancelTask: java.lang.String toString()