orlis/open_source_benchmarks/apps/com.prhlt.aemus.Read4SpeechExperiments_16_src.tar.gz/app/build/outputs/mapping/release/mapping.txt
com.prhlt.aemus.Read4SpeechExperiments.CustomViewPager -> com.prhlt.aemus.Read4SpeechExperiments.CustomViewPager:
    boolean enabled -> a
    void <init>(android.content.Context,android.util.AttributeSet) -> <init>
    boolean onTouchEvent(android.view.MotionEvent) -> onTouchEvent
    boolean onInterceptTouchEvent(android.view.MotionEvent) -> onInterceptTouchEvent
    void setPagingEnabled(boolean) -> setPagingEnabled
com.prhlt.aemus.Read4SpeechExperiments.MainActivity -> com.prhlt.aemus.Read4SpeechExperiments.MainActivity:
    java.lang.String tag -> u
    com.prhlt.aemus.Read4SpeechExperiments.CustomViewPager mViewPager -> v
    java.util.ArrayList sentences -> w
    java.util.ArrayList sentencesID -> x
    int recorderSampleRate -> y
    int recorderChannels -> z
    int recorderEncoding -> A
    int recorderMinBufferSize -> B
    int playerChannels -> C
    android.media.AudioRecord recorder -> D
    android.media.AudioTrack player -> E
    android.media.AudioManager am -> F
    android.speech.tts.TextToSpeech tts -> G
    java.lang.Boolean record -> H
    java.io.File rootDir -> I
    java.io.File linesDir -> J
    android.content.Context context -> K
    android.app.AlertDialog$Builder cleanDialog -> o
    android.app.AlertDialog$Builder thanksDialog -> p
    android.app.AlertDialog$Builder sendDialog -> q
    android.app.AlertDialog$Builder instructionsDialog -> r
    android.app.AlertDialog$Builder notSpaceDialog -> s
    com.prhlt.aemus.Read4SpeechExperiments.MainActivity$SectionsPagerAdapter mSectionsPagerAdapter -> t
    java.lang.String name -> L
    java.lang.String ID -> M
    void <init>() -> <init>
    float getPercentDone() -> getPercentDone
    long getAvailableSpaceInKB() -> getAvailableSpaceInKB
    void startRecording(int) -> startRecording
    void onCreate(android.os.Bundle) -> onCreate
    boolean onCreateOptionsMenu(android.view.Menu) -> onCreateOptionsMenu
com.prhlt.aemus.Read4SpeechExperiments.MainActivity$1 -> com.prhlt.aemus.Read4SpeechExperiments.MainActivity$1:
    void <init>() -> <init>
    void onReceive(android.content.Context,android.content.Intent) -> onReceive
com.prhlt.aemus.Read4SpeechExperiments.MainActivity$10 -> com.prhlt.aemus.Read4SpeechExperiments.MainActivity$10:
    com.prhlt.aemus.Read4SpeechExperiments.MainActivity this$0 -> a
    void <init>(com.prhlt.aemus.Read4SpeechExperiments.MainActivity) -> <init>
    boolean onKey(android.content.DialogInterface,int,android.view.KeyEvent) -> onKey
com.prhlt.aemus.Read4SpeechExperiments.MainActivity$11 -> com.prhlt.aemus.Read4SpeechExperiments.MainActivity$11:
    com.prhlt.aemus.Read4SpeechExperiments.MainActivity this$0 -> a
    void <init>(com.prhlt.aemus.Read4SpeechExperiments.MainActivity) -> <init>
    void onClick(android.content.DialogInterface,int) -> onClick
com.prhlt.aemus.Read4SpeechExperiments.MainActivity$12 -> com.prhlt.aemus.Read4SpeechExperiments.MainActivity$12:
    com.prhlt.aemus.Read4SpeechExperiments.MainActivity this$0 -> a
    void <init>(com.prhlt.aemus.Read4SpeechExperiments.MainActivity) -> <init>
    boolean onKey(android.content.DialogInterface,int,android.view.KeyEvent) -> onKey
com.prhlt.aemus.Read4SpeechExperiments.MainActivity$13 -> com.prhlt.aemus.Read4SpeechExperiments.MainActivity$13:
    com.prhlt.aemus.Read4SpeechExperiments.MainActivity this$0 -> a
    void <init>(com.prhlt.aemus.Read4SpeechExperiments.MainActivity) -> <init>
    void onCheckedChanged(android.widget.CompoundButton,boolean) -> onCheckedChanged
com.prhlt.aemus.Read4SpeechExperiments.MainActivity$2 -> com.prhlt.aemus.Read4SpeechExperiments.MainActivity$2:
    int val$position -> a
    void <init>(int) -> <init>
    void run() -> run
com.prhlt.aemus.Read4SpeechExperiments.MainActivity$3 -> com.prhlt.aemus.Read4SpeechExperiments.MainActivity$3:
    com.prhlt.aemus.Read4SpeechExperiments.MainActivity this$0 -> a
    void <init>(com.prhlt.aemus.Read4SpeechExperiments.MainActivity) -> <init>
    void onInit(int) -> onInit
...
android.support.v4.view.accessibility.AccessibilityNodeInfoCompat$AccessibilityNodeInfoImpl -> android.support.v4.view.accessibility.AccessibilityNodeInfoCompat$AccessibilityNodeInfoImpl:
    int getActions(java.lang.Object) -> getActions
    void addAction(java.lang.Object,int) -> addAction
    void getBoundsInParent(java.lang.Object,android.graphics.Rect) -> getBoundsInParent
    void getBoundsInScreen(java.lang.Object,android.graphics.Rect) -> getBoundsInScreen
    boolean isCheckable(java.lang.Object) -> isCheckable
    boolean isChecked(java.lang.Object) -> isChecked
    boolean isFocusable(java.lang.Object) -> isFocusable
    boolean isFocused(java.lang.Object) -> isFocused
    boolean isSelected(java.lang.Object) -> isSelected
    boolean isClickable(java.lang.Object) -> isClickable
    boolean isLongClickable(java.lang.Object) -> isLongClickable
    boolean isEnabled(java.lang.Object) -> isEnabled
    boolean isPassword(java.lang.Object) -> isPassword
    boolean isScrollable(java.lang.Object) -> isScrollable
    void setScrollable(java.lang.Object,boolean) -> setScrollable
    java.lang.CharSequence getPackageName(java.lang.Object) -> getPackageName
    java.lang.CharSequence getClassName(java.lang.Object) -> getClassName
    void setClassName(java.lang.Object,java.lang.CharSequence) -> setClassName
    java.lang.CharSequence getText(java.lang.Object) -> getText
    java.lang.CharSequence getContentDescription(java.lang.Object) -> getContentDescription
android.support.v4.view.accessibility.AccessibilityNodeInfoCompat$AccessibilityNodeInfoJellybeanImpl -> android.support.v4.view.accessibility.AccessibilityNodeInfoCompat$AccessibilityNodeInfoJellybeanImpl:
    void <init>() -> <init>
android.support.v4.view.accessibility.AccessibilityNodeInfoCompat$AccessibilityNodeInfoJellybeanMr2Impl -> android.support.v4.view.accessibility.AccessibilityNodeInfoCompat$AccessibilityNodeInfoJellybeanMr2Impl:
    void <init>() -> <init>
    java.lang.String getViewIdResourceName(java.lang.Object) -> getViewIdResourceName
android.support.v4.view.accessibility.AccessibilityNodeInfoCompat$AccessibilityNodeInfoKitKatImpl -> android.support.v4.view.accessibility.AccessibilityNodeInfoCompat$AccessibilityNodeInfoKitKatImpl:
    void <init>() -> <init>
android.support.v4.view.accessibility.AccessibilityNodeInfoCompat$AccessibilityNodeInfoStubImpl -> android.support.v4.view.accessibility.AccessibilityNodeInfoCompat$AccessibilityNodeInfoStubImpl:
    void <init>() -> <init>
    void addAction(java.lang.Object,int) -> addAction
    int getActions(java.lang.Object) -> getActions
    void getBoundsInParent(java.lang.Object,android.graphics.Rect) -> getBoundsInParent
    void getBoundsInScreen(java.lang.Object,android.graphics.Rect) -> getBoundsInScreen
    java.lang.CharSequence getClassName(java.lang.Object) -> getClassName
    java.lang.CharSequence getContentDescription(java.lang.Object) -> getContentDescription
    java.lang.CharSequence getPackageName(java.lang.Object) -> getPackageName
    java.lang.CharSequence getText(java.lang.Object) -> getText
    boolean isCheckable(java.lang.Object) -> isCheckable
    boolean isChecked(java.lang.Object) -> isChecked
    boolean isClickable(java.lang.Object) -> isClickable
    boolean isEnabled(java.lang.Object) -> isEnabled
    boolean isFocusable(java.lang.Object) -> isFocusable
    boolean isFocused(java.lang.Object) -> isFocused
    boolean isLongClickable(java.lang.Object) -> isLongClickable
    boolean isPassword(java.lang.Object) -> isPassword
    boolean isScrollable(java.lang.Object) -> isScrollable
    boolean isSelected(java.lang.Object) -> isSelected
    void setClassName(java.lang.Object,java.lang.CharSequence) -> setClassName