orlis/open_source_benchmarks/apps/com.prhlt.aemus.Read4SpeechExperiments_16_src.tar.gz/app/build/outputs/mapping/release/usage.txt
com.prhlt.aemus.Read4SpeechExperiments.BuildConfig
com.prhlt.aemus.Read4SpeechExperiments.MainActivity:
    private static final int BUFFER_SIZE
    private static final int RESULT_SETTINGS
com.prhlt.aemus.Read4SpeechExperiments.MainActivity$PlaceholderFragment:
    private static final java.lang.String ARG_SENTENCE_NUMBER
    private static final java.lang.String ARG_SENTENCE
    private static final java.lang.String ARG_RECORDING
    private static final java.lang.String ARG_HANDFREE_RECORDING
    private static final java.lang.String ARG_PLAYING
com.prhlt.aemus.Read4SpeechExperiments.R
com.prhlt.aemus.Read4SpeechExperiments.R$anim
com.prhlt.aemus.Read4SpeechExperiments.R$attr
com.prhlt.aemus.Read4SpeechExperiments.R$bool
com.prhlt.aemus.Read4SpeechExperiments.R$color
com.prhlt.aemus.Read4SpeechExperiments.R$dimen
com.prhlt.aemus.Read4SpeechExperiments.R$drawable
com.prhlt.aemus.Read4SpeechExperiments.R$id
com.prhlt.aemus.Read4SpeechExperiments.R$integer
com.prhlt.aemus.Read4SpeechExperiments.R$layout
com.prhlt.aemus.Read4SpeechExperiments.R$menu
com.prhlt.aemus.Read4SpeechExperiments.R$raw
com.prhlt.aemus.Read4SpeechExperiments.R$string
com.prhlt.aemus.Read4SpeechExperiments.R$style
com.prhlt.aemus.Read4SpeechExperiments.R$styleable
com.prhlt.aemus.Read4SpeechExperiments.R$xml
...
android.support.v7.app.ActionBarImplICS$TabWrapper
android.support.v7.app.ActionBarImplJB:
    20:20:public bridge synthetic void removeOnMenuVisibilityListener(android.support.v7.app.ActionBar$OnMenuVisibilityListener)
    20:20:public bridge synthetic void addOnMenuVisibilityListener(android.support.v7.app.ActionBar$OnMenuVisibilityListener)
    20:20:public bridge synthetic boolean isShowing()
    20:20:public bridge synthetic void hide()
    20:20:public bridge synthetic void show()
    20:20:public bridge synthetic int getHeight()
    20:20:public bridge synthetic void setHomeAsUpIndicator(int)
    20:20:public bridge synthetic void setHomeAsUpIndicator(android.graphics.drawable.Drawable)
    20:20:public bridge synthetic int getTabCount()
    20:20:public bridge synthetic android.support.v7.app.ActionBar$Tab getTabAt(int)
    20:20:public bridge synthetic android.support.v7.app.ActionBar$Tab getSelectedTab()
    20:20:public bridge synthetic void selectTab(android.support.v7.app.ActionBar$Tab)
    20:20:public bridge synthetic void removeAllTabs()
    20:20:public bridge synthetic void removeTabAt(int)
    20:20:public bridge synthetic void removeTab(android.support.v7.app.ActionBar$Tab)
    20:20:public bridge synthetic void addTab(android.support.v7.app.ActionBar$Tab,int,boolean)
    20:20:public bridge synthetic void addTab(android.support.v7.app.ActionBar$Tab,int)
    20:20:public bridge synthetic void addTab(android.support.v7.app.ActionBar$Tab,boolean)
android.support.v7.app.ActionBarImplJBMR2:
    29:30:public void setHomeAsUpIndicator(android.graphics.drawable.Drawable)
    34:35:public void setHomeAsUpIndicator(int)
    39:40:public void setHomeActionContentDescription(java.lang.CharSequence)
    44:45:public void setHomeActionContentDescription(int)
android.support.v7.appcompat.BuildConfig
android.support.v7.appcompat.R:
    9:9:public R()
android.support.v7.appcompat.R$anim:
    10:10:public R$anim()
android.support.v7.appcompat.R$attr:
    18:18:public R$attr()
android.support.v7.appcompat.R$bool:
    130:130:public R$bool()
android.support.v7.appcompat.R$color
android.support.v7.appcompat.R$dimen:
    144:144:public R$dimen()
android.support.v7.appcompat.R$drawable
android.support.v7.appcompat.R$id:
    256:256:public R$id()
android.support.v7.appcompat.R$integer:
    318:318:public R$integer()
android.support.v7.appcompat.R$layout:
    321:321:public R$layout()
android.support.v7.appcompat.R$string:
    348:348:public R$string()
android.support.v7.appcompat.R$style:
    363:363:public R$style()
android.support.v7.appcompat.R$styleable:
    504:504:public R$styleable()
android.support.v7.internal.view.ActionModeWrapper:
    41:41:public java.lang.Object getTag()
    46:47:public void setTag(java.lang.Object)
    51:52:public void setTitle(java.lang.CharSequence)
    56:57:public void setSubtitle(java.lang.CharSequence)
    61:62:public void invalidate()
    71:71:public android.view.Menu getMenu()
    76:76:public java.lang.CharSequence getTitle()
    81:82:public void setTitle(int)
    86:86:public java.lang.CharSequence getSubtitle()
    91:92:public void setSubtitle(int)
    96:96:public android.view.View getCustomView()
    101:102:public void setCustomView(android.view.View)
    106:106:public android.view.MenuInflater getMenuInflater()
android.support.v7.internal.view.ActionModeWrapper$CallbackWrapper
android.support.v7.internal.view.ActionModeWrapperJB:
    33:33:public boolean getTitleOptionalHint()
    38:39:public void setTitleOptionalHint(boolean)
    43:43:public boolean isTitleOptional()
android.support.v7.internal.view.ActionModeWrapperJB$CallbackWrapper
android.support.v7.internal.view.SupportMenuInflater:
    private static final java.lang.String LOG_TAG
    private static final java.lang.String XML_MENU
    private static final java.lang.String XML_GROUP
    private static final java.lang.String XML_ITEM
    private static final int NO_ID